<?xml version="1.0" encoding="UTF-8"?>
<robot generator="Robot 4.0 (Python 3.9.1 on win32)" generated="20210409 05:57:36.109" rpa="false" schemaversion="2">
<suite id="s1" name="My-Own-Test02" source="C:\Users\fatim\OneDrive\Documents\Programming\robot_tau\robot-framework-testautomationu\tau-api-course\my-own-test02.robot">
<test id="s1-t1" name="Post to Login">
<kw name="Post" library="REST">
<arg>/auth/login</arg>
<arg>{"username":"admin","password":"password"}</arg>
<tag>http</tag>
<doc>*Sends a POST request to the endpoint.*</doc>
<status status="PASS" starttime="20210409 05:57:37.127" endtime="20210409 05:57:38.348"/>
</kw>
<kw name="Output" library="REST">
<var>${tokennum}</var>
<arg>$..token</arg>
<tag>I/O</tag>
<doc>*Outputs JSON to terminal or a file.*</doc>
<msg timestamp="20210409 05:57:38.402" level="INFO">
"cHVbhA2xj5BAvpNM"</msg>
<msg timestamp="20210409 05:57:38.433" level="INFO">${tokennum} = cHVbhA2xj5BAvpNM</msg>
<status status="PASS" starttime="20210409 05:57:38.348" endtime="20210409 05:57:38.433"/>
</kw>
<kw name="Set Suite Variable" library="BuiltIn">
<arg>@{passtoken}</arg>
<arg>${tokennum}</arg>
<doc>Makes a variable available everywhere within the scope of the current suite.</doc>
<msg timestamp="20210409 05:57:38.433" level="INFO">@{passtoken} = [ cHVbhA2xj5BAvpNM ]</msg>
<status status="PASS" starttime="20210409 05:57:38.433" endtime="20210409 05:57:38.433"/>
</kw>
<status status="PASS" starttime="20210409 05:57:37.127" endtime="20210409 05:57:38.433"/>
</test>
<test id="s1-t2" name="Book a Room">
<kw name="Output" library="REST">
<arg>@{passtoken}</arg>
<tag>I/O</tag>
<doc>*Outputs JSON to terminal or a file.*</doc>
<msg timestamp="20210409 05:57:38.433" level="INFO">
"cHVbhA2xj5BAvpNM"</msg>
<status status="PASS" starttime="20210409 05:57:38.433" endtime="20210409 05:57:38.433"/>
</kw>
<kw name="Set Variable" library="BuiltIn">
<var>${bookdetail}</var>
<arg>{"bookingdates": {"checkin": "2018-11-01T09:48:25.469Z","checkout": "2018-11-01T09:48:25.469Z"},"depositpaid": true,"firstname": "string","lastname": "string","roomid": 1,"totalprice": 10}</arg>
<doc>Returns the given values which can then be assigned to a variables.</doc>
<msg timestamp="20210409 05:57:38.449" level="INFO">${bookdetail} = {"bookingdates": {"checkin": "2018-11-01T09:48:25.469Z","checkout": "2018-11-01T09:48:25.469Z"},"depositpaid": true,"firstname": "string","lastname": "string","roomid": 1,"totalprice": 10}</msg>
<status status="PASS" starttime="20210409 05:57:38.449" endtime="20210409 05:57:38.449"/>
</kw>
<kw name="Post" library="REST">
<arg>booking/</arg>
<arg>body=${bookdetail}</arg>
<arg>headers=${passtoken}</arg>
<tag>http</tag>
<doc>*Sends a POST request to the endpoint.*</doc>
<msg timestamp="20210409 05:57:38.449" level="FAIL">TypeError: stat: path should be string, bytes, os.PathLike or integer, not list</msg>
<status status="FAIL" starttime="20210409 05:57:38.449" endtime="20210409 05:57:38.449"/>
</kw>
<kw name="Output" library="REST">
<arg>response</arg>
<tag>I/O</tag>
<doc>*Outputs JSON to terminal or a file.*</doc>
<status status="NOT RUN" starttime="20210409 05:57:38.449" endtime="20210409 05:57:38.449"/>
</kw>
<status status="FAIL" starttime="20210409 05:57:38.433" endtime="20210409 05:57:38.449">TypeError: stat: path should be string, bytes, os.PathLike or integer, not list</status>
</test>
<test id="s1-t3" name="Get Room">
<kw name="Get" library="REST">
<arg>room/</arg>
<tag>http</tag>
<doc>*Sends a GET request to the endpoint.*</doc>
<status status="PASS" starttime="20210409 05:57:38.449" endtime="20210409 05:57:41.054"/>
</kw>
<kw name="Output" library="REST">
<arg>response</arg>
<arg>body</arg>
<tag>I/O</tag>
<doc>*Outputs JSON to terminal or a file.*</doc>
<status status="PASS" starttime="20210409 05:57:41.054" endtime="20210409 05:57:41.054"/>
</kw>
<kw name="Object" library="REST">
<arg>response</arg>
<tag>assertions</tag>
<doc>*Asserts the field as JSON object.*</doc>
<status status="PASS" starttime="20210409 05:57:41.054" endtime="20210409 05:57:41.054"/>
</kw>
<kw name="Number" library="REST">
<arg>$..roomid</arg>
<tag>assertions</tag>
<doc>*Asserts the field as JSON number.*</doc>
<status status="PASS" starttime="20210409 05:57:41.054" endtime="20210409 05:57:41.108"/>
</kw>
<kw name="Output" library="REST">
<var>${roomnum}</var>
<arg>$..roomid</arg>
<tag>I/O</tag>
<doc>*Outputs JSON to terminal or a file.*</doc>
<msg timestamp="20210409 05:57:41.139" level="INFO">
1</msg>
<msg timestamp="20210409 05:57:41.139" level="INFO">${roomnum} = 1</msg>
<status status="PASS" starttime="20210409 05:57:41.108" endtime="20210409 05:57:41.139"/>
</kw>
<status status="PASS" starttime="20210409 05:57:38.449" endtime="20210409 05:57:41.139"/>
</test>
<status status="FAIL" starttime="20210409 05:57:36.125" endtime="20210409 05:57:41.139"/>
</suite>
<statistics>
<total>
<stat pass="2" fail="1" skip="0">All Tests</stat>
</total>
<tag>
</tag>
<suite>
<stat pass="2" fail="1" skip="0" id="s1" name="My-Own-Test02">My-Own-Test02</stat>
</suite>
</statistics>
<errors>
<msg timestamp="20210409 05:57:36.093" level="ERROR">Error in file 'C:\Users\fatim\OneDrive\Documents\Programming\robot_tau\robot-framework-testautomationu\tau-api-course\my-own-test02.robot' on line 4: Non-existing setting 'ssl_verify=falseSet expectations'.</msg>
<msg timestamp="20210409 05:57:36.109" level="ERROR">Error in file 'C:\Users\fatim\OneDrive\Documents\Programming\robot_tau\robot-framework-testautomationu\tau-api-course\my-own-test02.robot' on line 5: Non-existing setting ''.</msg>
<msg timestamp="20210409 05:57:36.109" level="ERROR">Error in file 'C:\Users\fatim\OneDrive\Documents\Programming\robot_tau\robot-framework-testautomationu\tau-api-course\my-own-test02.robot' on line 6: Non-existing setting ''.</msg>
</errors>
</robot>
